<?xml version="1.0" encoding="UTF-8"?>
<!-- Generated by org.testng.reporters.JUnitReportReporter -->
<testsuite hostname="JD-PC" failures="0" tests="1" name="tests.TestNGTut" time="0.019" errors="0" timestamp="2022-02-21T15:59:19 EST" skipped="0">
  <testcase classname="tests.TestNGTut" name="getNamefromPara" time="0.019"/>
  <system-out/>
</testsuite> <!-- tests.TestNGTut -->
