<?xml version="1.0" encoding="UTF-8"?>
<!-- Generated by org.testng.reporters.JUnitReportReporter -->
<testsuite hostname="JD-PC" failures="0" tests="3" name="tests.TestNGTut" time="0.018" errors="0" timestamp="2022-02-21T16:07:50 EST" skipped="0">
  <testcase classname="tests.TestNGTut" name="TestData" time="0.006"/>
  <system-out/>
  <testcase classname="tests.TestNGTut" name="TestData" time="0.009"/>
  <system-out/>
  <testcase classname="tests.TestNGTut" name="getNamefromPara" time="0.003"/>
  <system-out/>
</testsuite> <!-- tests.TestNGTut -->
