<?xml version="1.0" encoding="UTF-8"?>
<!-- Generated by org.testng.reporters.JUnitReportReporter -->
<testsuite hostname="JD-PC" failures="0" tests="1" name="TestNG" time="0.007" errors="0" timestamp="2022-02-21T15:45:51 EST" skipped="0">
  <testcase classname="TestNG" name="Mobiletest" time="0.007"/>
  <system-out/>
</testsuite> <!-- TestNG -->
